# JRE version: OpenJDK Runtime Environment (8.0_242-b01) (build 1.8.0_242-release-1644-b01)
# Java VM: OpenJDK 64-Bit Server VM (25.242-b01 mixed mode windows-amd64 compressed oops)
Heap:
 PSYoungGen      total 469504K, used 278437K [0x00000000d5580000, 0x00000000fb400000, 0x0000000100000000)
  eden space 400384K, 53% used [0x00000000d5580000,0x00000000e2598528,0x00000000edc80000)
  from space 69120K, 94% used [0x00000000edc80000,0x00000000f1c50f10,0x00000000f2000000)
  to   space 79360K, 0% used [0x00000000f6680000,0x00000000f6680000,0x00000000fb400000)
 ParOldGen       total 212992K, used 131277K [0x0000000080000000, 0x000000008d000000, 0x00000000d5580000)
  object space 212992K, 61% used [0x0000000080000000,0x0000000088033780,0x000000008d000000)
 Metaspace       used 97604K, capacity 102293K, committed 103372K, reserved 1138688K
  class space    used 12539K, capacity 13472K, committed 13824K, reserved 1048576K
GC Heap History (10 events):
Event: 201.748 GC heap before
{Heap before GC invocations=25 (full 3):
 PSYoungGen      total 336896K, used 322117K [0x00000000d5580000, 0x00000000ef980000, 0x0000000100000000)
  eden space 299520K, 100% used [0x00000000d5580000,0x00000000e7a00000,0x00000000e7a00000)
  from space 37376K, 60% used [0x00000000e7a00000,0x00000000e9011600,0x00000000e9e80000)
  to   space 37376K, 0% used [0x00000000ed500000,0x00000000ed500000,0x00000000ef980000)
 ParOldGen       total 128512K, used 61815K [0x0000000080000000, 0x0000000087d80000, 0x00000000d5580000)
  object space 128512K, 48% used [0x0000000080000000,0x0000000083c5dcb8,0x0000000087d80000)
 Metaspace       used 92164K, capacity 97543K, committed 97752K, reserved 1134592K
  class space    used 12043K, capacity 13039K, committed 13056K, reserved 1048576K
Event: 201.780 GC heap after
Heap after GC invocations=25 (full 3):
 PSYoungGen      total 392192K, used 22593K [0x00000000d5580000, 0x00000000efe80000, 0x0000000100000000)
  eden space 354816K, 0% used [0x00000000d5580000,0x00000000d5580000,0x00000000eb000000)
  from space 37376K, 60% used [0x00000000ed500000,0x00000000eeb10708,0x00000000ef980000)
  to   space 37888K, 0% used [0x00000000eb000000,0x00000000eb000000,0x00000000ed500000)
 ParOldGen       total 128512K, used 61823K [0x0000000080000000, 0x0000000087d80000, 0x00000000d5580000)
  object space 128512K, 48% used [0x0000000080000000,0x0000000083c5fcb8,0x0000000087d80000)
 Metaspace       used 92164K, capacity 97543K, committed 97752K, reserved 1134592K
  class space    used 12043K, capacity 13039K, committed 13056K, reserved 1048576K
}
Event: 204.109 GC heap before
{Heap before GC invocations=26 (full 3):
 PSYoungGen      total 392192K, used 352646K [0x00000000d5580000, 0x00000000efe80000, 0x0000000100000000)
  eden space 354816K, 93% used [0x00000000d5580000,0x00000000e97d1358,0x00000000eb000000)
  from space 37376K, 60% used [0x00000000ed500000,0x00000000eeb10708,0x00000000ef980000)
  to   space 37888K, 0% used [0x00000000eb000000,0x00000000eb000000,0x00000000ed500000)
 ParOldGen       total 128512K, used 61823K [0x0000000080000000, 0x0000000087d80000, 0x00000000d5580000)
  object space 128512K, 48% used [0x0000000080000000,0x0000000083c5fcb8,0x0000000087d80000)
 Metaspace       used 92912K, capacity 98341K, committed 98380K, reserved 1134592K
  class space    used 12135K, capacity 13152K, committed 13184K, reserved 1048576K
Event: 204.164 GC heap after
Heap after GC invocations=26 (full 3):
 PSYoungGen      total 392704K, used 37872K [0x00000000d5580000, 0x00000000f4c00000, 0x0000000100000000)
  eden space 354816K, 0% used [0x00000000d5580000,0x00000000d5580000,0x00000000eb000000)
  from space 37888K, 99% used [0x00000000eb000000,0x00000000ed4fc250,0x00000000ed500000)
  to   space 45056K, 0% used [0x00000000f2000000,0x00000000f2000000,0x00000000f4c00000)
 ParOldGen       total 128512K, used 66137K [0x0000000080000000, 0x0000000087d80000, 0x00000000d5580000)
  object space 128512K, 51% used [0x0000000080000000,0x00000000840965f0,0x0000000087d80000)
 Metaspace       used 92912K, capacity 98341K, committed 98380K, reserved 1134592K
  class space    used 12135K, capacity 13152K, committed 13184K, reserved 1048576K
}
Event: 204.164 GC heap before
{Heap before GC invocations=27 (full 4):
 PSYoungGen      total 392704K, used 37872K [0x00000000d5580000, 0x00000000f4c00000, 0x0000000100000000)
  eden space 354816K, 0% used [0x00000000d5580000,0x00000000d5580000,0x00000000eb000000)
  from space 37888K, 99% used [0x00000000eb000000,0x00000000ed4fc250,0x00000000ed500000)
  to   space 45056K, 0% used [0x00000000f2000000,0x00000000f2000000,0x00000000f4c00000)
 ParOldGen       total 128512K, used 66137K [0x0000000080000000, 0x0000000087d80000, 0x00000000d5580000)
  object space 128512K, 51% used [0x0000000080000000,0x00000000840965f0,0x0000000087d80000)
 Metaspace       used 92912K, capacity 98341K, committed 98380K, reserved 1134592K
  class space    used 12135K, capacity 13152K, committed 13184K, reserved 1048576K
Event: 204.568 GC heap after
Heap after GC invocations=27 (full 4):
 PSYoungGen      total 392704K, used 0K [0x00000000d5580000, 0x00000000f4c00000, 0x0000000100000000)
  eden space 354816K, 0% used [0x00000000d5580000,0x00000000d5580000,0x00000000eb000000)
  from space 37888K, 0% used [0x00000000eb000000,0x00000000eb000000,0x00000000ed500000)
  to   space 45056K, 0% used [0x00000000f2000000,0x00000000f2000000,0x00000000f4c00000)
 ParOldGen       total 212992K, used 84291K [0x0000000080000000, 0x000000008d000000, 0x00000000d5580000)
  object space 212992K, 39% used [0x0000000080000000,0x0000000085250e88,0x000000008d000000)
 Metaspace       used 92059K, capacity 95983K, committed 98380K, reserved 1134592K
  class space    used 11848K, capacity 12647K, committed 13184K, reserved 1048576K
}
Event: 208.036 GC heap before
{Heap before GC invocations=28 (full 4):
 PSYoungGen      total 392704K, used 354816K [0x00000000d5580000, 0x00000000f4c00000, 0x0000000100000000)
  eden space 354816K, 100% used [0x00000000d5580000,0x00000000eb000000,0x00000000eb000000)
  from space 37888K, 0% used [0x00000000eb000000,0x00000000eb000000,0x00000000ed500000)
  to   space 45056K, 0% used [0x00000000f2000000,0x00000000f2000000,0x00000000f4c00000)
 ParOldGen       total 212992K, used 84291K [0x0000000080000000, 0x000000008d000000, 0x00000000d5580000)
  object space 212992K, 39% used [0x0000000080000000,0x0000000085250e88,0x000000008d000000)
 Metaspace       used 92344K, capacity 96333K, committed 98892K, reserved 1134592K
  class space    used 11852K, capacity 12648K, committed 13184K, reserved 1048576K
Event: 208.202 GC heap after
Heap after GC invocations=28 (full 4):
 PSYoungGen      total 445440K, used 45045K [0x00000000d5580000, 0x00000000f8800000, 0x0000000100000000)
  eden space 400384K, 0% used [0x00000000d5580000,0x00000000d5580000,0x00000000edc80000)
  from space 45056K, 99% used [0x00000000f2000000,0x00000000f4bfd498,0x00000000f4c00000)
  to   space 69120K, 0% used [0x00000000edc80000,0x00000000edc80000,0x00000000f2000000)
 ParOldGen       total 212992K, used 131269K [0x0000000080000000, 0x000000008d000000, 0x00000000d5580000)
  object space 212992K, 61% used [0x0000000080000000,0x0000000088031780,0x000000008d000000)
 Metaspace       used 92344K, capacity 96333K, committed 98892K, reserved 1134592K
  class space    used 11852K, capacity 12648K, committed 13184K, reserved 1048576K
}
Event: 257.871 GC heap before
{Heap before GC invocations=29 (full 4):
 PSYoungGen      total 445440K, used 445429K [0x00000000d5580000, 0x00000000f8800000, 0x0000000100000000)
  eden space 400384K, 100% used [0x00000000d5580000,0x00000000edc80000,0x00000000edc80000)
  from space 45056K, 99% used [0x00000000f2000000,0x00000000f4bfd498,0x00000000f4c00000)
  to   space 69120K, 0% used [0x00000000edc80000,0x00000000edc80000,0x00000000f2000000)
 ParOldGen       total 212992K, used 131269K [0x0000000080000000, 0x000000008d000000, 0x00000000d5580000)
  object space 212992K, 61% used [0x0000000080000000,0x0000000088031780,0x000000008d000000)
 Metaspace       used 94516K, capacity 98813K, committed 100684K, reserved 1136640K
  class space    used 12079K, capacity 12950K, committed 13440K, reserved 1048576K
Event: 257.968 GC heap after
Heap after GC invocations=29 (full 4):
 PSYoungGen      total 469504K, used 65347K [0x00000000d5580000, 0x00000000fb400000, 0x0000000100000000)
  eden space 400384K, 0% used [0x00000000d5580000,0x00000000d5580000,0x00000000edc80000)
  from space 69120K, 94% used [0x00000000edc80000,0x00000000f1c50f10,0x00000000f2000000)
  to   space 79360K, 0% used [0x00000000f6680000,0x00000000f6680000,0x00000000fb400000)
 ParOldGen       total 212992K, used 131277K [0x0000000080000000, 0x000000008d000000, 0x00000000d5580000)
  object space 212992K, 61% used [0x0000000080000000,0x0000000088033780,0x000000008d000000)
 Metaspace       used 94516K, capacity 98813K, committed 100684K, reserved 1136640K
  class space    used 12079K, capacity 12950K, committed 13440K, reserved 1048576K
}

