# JRE version: OpenJDK Runtime Environment (8.0_242-b01) (build 1.8.0_242-release-1644-b01)
# Java VM: OpenJDK 64-Bit Server VM (25.242-b01 mixed mode windows-amd64 compressed oops)
Heap:
 PSYoungGen      total 580608K, used 472845K [0x00000000d5580000, 0x00000000fb480000, 0x0000000100000000)
  eden space 544768K, 86% used [0x00000000d5580000,0x00000000f2173710,0x00000000f6980000)
  from space 35840K, 5% used [0x00000000f9180000,0x00000000f9350000,0x00000000fb480000)
  to   space 38400K, 0% used [0x00000000f6980000,0x00000000f6980000,0x00000000f8f00000)
 ParOldGen       total 202752K, used 115185K [0x0000000080000000, 0x000000008c600000, 0x00000000d5580000)
  object space 202752K, 56% used [0x0000000080000000,0x000000008707c790,0x000000008c600000)
 Metaspace       used 98782K, capacity 103047K, committed 106536K, reserved 1140736K
  class space    used 12816K, capacity 13661K, committed 14400K, reserved 1048576K
GC Heap History (10 events):
Event: 7294.193 GC heap before
{Heap before GC invocations=40 (full 4):
 PSYoungGen      total 370688K, used 327657K [0x00000000d5580000, 0x00000000f2100000, 0x0000000100000000)
  eden space 323072K, 100% used [0x00000000d5580000,0x00000000e9100000,0x00000000e9100000)
  from space 47616K, 9% used [0x00000000e9100000,0x00000000e957a580,0x00000000ebf80000)
  to   space 46592K, 0% used [0x00000000ef380000,0x00000000ef380000,0x00000000f2100000)
 ParOldGen       total 202752K, used 93317K [0x0000000080000000, 0x000000008c600000, 0x00000000d5580000)
  object space 202752K, 46% used [0x0000000080000000,0x0000000085b21798,0x000000008c600000)
 Metaspace       used 98549K, capacity 102781K, committed 106536K, reserved 1140736K
  class space    used 12798K, capacity 13626K, committed 14400K, reserved 1048576K
Event: 7294.234 GC heap after
Heap after GC invocations=40 (full 4):
 PSYoungGen      total 424448K, used 10139K [0x00000000d5580000, 0x00000000f1f00000, 0x0000000100000000)
  eden space 379904K, 0% used [0x00000000d5580000,0x00000000d5580000,0x00000000ec880000)
  from space 44544K, 22% used [0x00000000ef380000,0x00000000efd66df8,0x00000000f1f00000)
  to   space 44032K, 0% used [0x00000000ec880000,0x00000000ec880000,0x00000000ef380000)
 ParOldGen       total 202752K, used 94729K [0x0000000080000000, 0x000000008c600000, 0x00000000d5580000)
  object space 202752K, 46% used [0x0000000080000000,0x0000000085c827b0,0x000000008c600000)
 Metaspace       used 98549K, capacity 102781K, committed 106536K, reserved 1140736K
  class space    used 12798K, capacity 13626K, committed 14400K, reserved 1048576K
}
Event: 7296.079 GC heap before
{Heap before GC invocations=41 (full 4):
 PSYoungGen      total 424448K, used 390043K [0x00000000d5580000, 0x00000000f1f00000, 0x0000000100000000)
  eden space 379904K, 100% used [0x00000000d5580000,0x00000000ec880000,0x00000000ec880000)
  from space 44544K, 22% used [0x00000000ef380000,0x00000000efd66df8,0x00000000f1f00000)
  to   space 44032K, 0% used [0x00000000ec880000,0x00000000ec880000,0x00000000ef380000)
 ParOldGen       total 202752K, used 94729K [0x0000000080000000, 0x000000008c600000, 0x00000000d5580000)
  object space 202752K, 46% used [0x0000000080000000,0x0000000085c827b0,0x000000008c600000)
 Metaspace       used 98587K, capacity 102789K, committed 106536K, reserved 1140736K
  class space    used 12798K, capacity 13626K, committed 14400K, reserved 1048576K
Event: 7296.157 GC heap after
Heap after GC invocations=41 (full 4):
 PSYoungGen      total 423936K, used 3186K [0x00000000d5580000, 0x00000000f5e80000, 0x0000000100000000)
  eden space 379904K, 0% used [0x00000000d5580000,0x00000000d5580000,0x00000000ec880000)
  from space 44032K, 7% used [0x00000000ec880000,0x00000000ecb9cbb0,0x00000000ef380000)
  to   space 43008K, 0% used [0x00000000f3480000,0x00000000f3480000,0x00000000f5e80000)
 ParOldGen       total 202752K, used 102050K [0x0000000080000000, 0x000000008c600000, 0x00000000d5580000)
  object space 202752K, 50% used [0x0000000080000000,0x00000000863a88d0,0x000000008c600000)
 Metaspace       used 98587K, capacity 102789K, committed 106536K, reserved 1140736K
  class space    used 12798K, capacity 13626K, committed 14400K, reserved 1048576K
}
Event: 7300.910 GC heap before
{Heap before GC invocations=42 (full 4):
 PSYoungGen      total 423936K, used 383090K [0x00000000d5580000, 0x00000000f5e80000, 0x0000000100000000)
  eden space 379904K, 100% used [0x00000000d5580000,0x00000000ec880000,0x00000000ec880000)
  from space 44032K, 7% used [0x00000000ec880000,0x00000000ecb9cbb0,0x00000000ef380000)
  to   space 43008K, 0% used [0x00000000f3480000,0x00000000f3480000,0x00000000f5e80000)
 ParOldGen       total 202752K, used 102050K [0x0000000080000000, 0x000000008c600000, 0x00000000d5580000)
  object space 202752K, 50% used [0x0000000080000000,0x00000000863a88d0,0x000000008c600000)
 Metaspace       used 98608K, capacity 102803K, committed 106536K, reserved 1140736K
  class space    used 12799K, capacity 13627K, committed 14400K, reserved 1048576K
Event: 7301.089 GC heap after
Heap after GC invocations=42 (full 4):
 PSYoungGen      total 488448K, used 2496K [0x00000000d5580000, 0x00000000f5c80000, 0x0000000100000000)
  eden space 447488K, 0% used [0x00000000d5580000,0x00000000d5580000,0x00000000f0a80000)
  from space 40960K, 6% used [0x00000000f3480000,0x00000000f36f0000,0x00000000f5c80000)
  to   space 41984K, 0% used [0x00000000f0a80000,0x00000000f0a80000,0x00000000f3380000)
 ParOldGen       total 202752K, used 103676K [0x0000000080000000, 0x000000008c600000, 0x00000000d5580000)
  object space 202752K, 51% used [0x0000000080000000,0x000000008653f180,0x000000008c600000)
 Metaspace       used 98608K, capacity 102803K, committed 106536K, reserved 1140736K
  class space    used 12799K, capacity 13627K, committed 14400K, reserved 1048576K
}
Event: 7304.788 GC heap before
{Heap before GC invocations=43 (full 4):
 PSYoungGen      total 488448K, used 449984K [0x00000000d5580000, 0x00000000f5c80000, 0x0000000100000000)
  eden space 447488K, 100% used [0x00000000d5580000,0x00000000f0a80000,0x00000000f0a80000)
  from space 40960K, 6% used [0x00000000f3480000,0x00000000f36f0000,0x00000000f5c80000)
  to   space 41984K, 0% used [0x00000000f0a80000,0x00000000f0a80000,0x00000000f3380000)
 ParOldGen       total 202752K, used 103676K [0x0000000080000000, 0x000000008c600000, 0x00000000d5580000)
  object space 202752K, 51% used [0x0000000080000000,0x000000008653f180,0x000000008c600000)
 Metaspace       used 98733K, capacity 102963K, committed 106536K, reserved 1140736K
  class space    used 12813K, capacity 13659K, committed 14400K, reserved 1048576K
Event: 7306.356 GC heap after
Heap after GC invocations=43 (full 4):
 PSYoungGen      total 489472K, used 12854K [0x00000000d5580000, 0x00000000fb780000, 0x0000000100000000)
  eden space 447488K, 0% used [0x00000000d5580000,0x00000000d5580000,0x00000000f0a80000)
  from space 41984K, 30% used [0x00000000f0a80000,0x00000000f170d8b0,0x00000000f3380000)
  to   space 38912K, 0% used [0x00000000f9180000,0x00000000f9180000,0x00000000fb780000)
 ParOldGen       total 202752K, used 105314K [0x0000000080000000, 0x000000008c600000, 0x00000000d5580000)
  object space 202752K, 51% used [0x0000000080000000,0x00000000866d89a8,0x000000008c600000)
 Metaspace       used 98733K, capacity 102963K, committed 106536K, reserved 1140736K
  class space    used 12813K, capacity 13659K, committed 14400K, reserved 1048576K
}
Event: 7311.385 GC heap before
{Heap before GC invocations=44 (full 4):
 PSYoungGen      total 489472K, used 460342K [0x00000000d5580000, 0x00000000fb780000, 0x0000000100000000)
  eden space 447488K, 100% used [0x00000000d5580000,0x00000000f0a80000,0x00000000f0a80000)
  from space 41984K, 30% used [0x00000000f0a80000,0x00000000f170d8b0,0x00000000f3380000)
  to   space 38912K, 0% used [0x00000000f9180000,0x00000000f9180000,0x00000000fb780000)
 ParOldGen       total 202752K, used 105314K [0x0000000080000000, 0x000000008c600000, 0x00000000d5580000)
  object space 202752K, 51% used [0x0000000080000000,0x00000000866d89a8,0x000000008c600000)
 Metaspace       used 98773K, capacity 102975K, committed 106536K, reserved 1140736K
  class space    used 12816K, capacity 13661K, committed 14400K, reserved 1048576K
Event: 7311.658 GC heap after
Heap after GC invocations=44 (full 4):
 PSYoungGen      total 580608K, used 1856K [0x00000000d5580000, 0x00000000fb480000, 0x0000000100000000)
  eden space 544768K, 0% used [0x00000000d5580000,0x00000000d5580000,0x00000000f6980000)
  from space 35840K, 5% used [0x00000000f9180000,0x00000000f9350000,0x00000000fb480000)
  to   space 38400K, 0% used [0x00000000f6980000,0x00000000f6980000,0x00000000f8f00000)
 ParOldGen       total 202752K, used 115185K [0x0000000080000000, 0x000000008c600000, 0x00000000d5580000)
  object space 202752K, 56% used [0x0000000080000000,0x000000008707c790,0x000000008c600000)
 Metaspace       used 98773K, capacity 102975K, committed 106536K, reserved 1140736K
  class space    used 12816K, capacity 13661K, committed 14400K, reserved 1048576K
}

