# JRE version: OpenJDK Runtime Environment (8.0_242-b01) (build 1.8.0_242-release-1644-b01)
# Java VM: OpenJDK 64-Bit Server VM (25.242-b01 mixed mode windows-amd64 compressed oops)
Heap:
 PSYoungGen      total 171520K, used 115199K [0x00000000d5580000, 0x00000000e1c00000, 0x0000000100000000)
  eden space 155136K, 63% used [0x00000000d5580000,0x00000000db605de0,0x00000000ded00000)
  from space 16384K, 99% used [0x00000000ded00000,0x00000000dfcfa108,0x00000000dfd00000)
  to   space 19968K, 0% used [0x00000000e0880000,0x00000000e0880000,0x00000000e1c00000)
 ParOldGen       total 128512K, used 34652K [0x0000000080000000, 0x0000000087d80000, 0x00000000d5580000)
  object space 128512K, 26% used [0x0000000080000000,0x00000000821d7070,0x0000000087d80000)
 Metaspace       used 76376K, capacity 79742K, committed 79896K, reserved 1118208K
  class space    used 10221K, capacity 10921K, committed 11048K, reserved 1048576K
GC Heap History (10 events):
Event: 50.593 GC heap before
{Heap before GC invocations=16 (full 2):
 PSYoungGen      total 115200K, used 115190K [0x00000000d5580000, 0x00000000ded80000, 0x0000000100000000)
  eden space 104448K, 100% used [0x00000000d5580000,0x00000000dbb80000,0x00000000dbb80000)
  from space 10752K, 99% used [0x00000000dbb80000,0x00000000dc5fd8f8,0x00000000dc600000)
  to   space 13824K, 0% used [0x00000000de000000,0x00000000de000000,0x00000000ded80000)
 ParOldGen       total 82944K, used 20372K [0x0000000080000000, 0x0000000085100000, 0x00000000d5580000)
  object space 82944K, 24% used [0x0000000080000000,0x00000000813e5088,0x0000000085100000)
 Metaspace       used 55180K, capacity 57260K, committed 57512K, reserved 1099776K
  class space    used 7520K, capacity 7989K, committed 8104K, reserved 1048576K
Event: 50.638 GC heap after
Heap after GC invocations=16 (full 2):
 PSYoungGen      total 140288K, used 12127K [0x00000000d5580000, 0x00000000df700000, 0x0000000100000000)
  eden space 126464K, 0% used [0x00000000d5580000,0x00000000d5580000,0x00000000dd100000)
  from space 13824K, 87% used [0x00000000de000000,0x00000000debd7d40,0x00000000ded80000)
  to   space 15360K, 0% used [0x00000000dd100000,0x00000000dd100000,0x00000000de000000)
 ParOldGen       total 82944K, used 26323K [0x0000000080000000, 0x0000000085100000, 0x00000000d5580000)
  object space 82944K, 31% used [0x0000000080000000,0x00000000819b4e48,0x0000000085100000)
 Metaspace       used 55180K, capacity 57260K, committed 57512K, reserved 1099776K
  class space    used 7520K, capacity 7989K, committed 8104K, reserved 1048576K
}
Event: 52.853 GC heap before
{Heap before GC invocations=17 (full 2):
 PSYoungGen      total 140288K, used 47506K [0x00000000d5580000, 0x00000000df700000, 0x0000000100000000)
  eden space 126464K, 27% used [0x00000000d5580000,0x00000000d780ce30,0x00000000dd100000)
  from space 13824K, 87% used [0x00000000de000000,0x00000000debd7d40,0x00000000ded80000)
  to   space 15360K, 0% used [0x00000000dd100000,0x00000000dd100000,0x00000000de000000)
 ParOldGen       total 82944K, used 26323K [0x0000000080000000, 0x0000000085100000, 0x00000000d5580000)
  object space 82944K, 31% used [0x0000000080000000,0x00000000819b4e48,0x0000000085100000)
 Metaspace       used 56894K, capacity 59038K, committed 59160K, reserved 1099776K
  class space    used 7739K, capacity 8229K, committed 8232K, reserved 1048576K
Event: 52.873 GC heap after
Heap after GC invocations=17 (full 2):
 PSYoungGen      total 141824K, used 2433K [0x00000000d5580000, 0x00000000e1080000, 0x0000000100000000)
  eden space 126464K, 0% used [0x00000000d5580000,0x00000000d5580000,0x00000000dd100000)
  from space 15360K, 15% used [0x00000000dd100000,0x00000000dd3606d0,0x00000000de000000)
  to   space 15360K, 0% used [0x00000000e0180000,0x00000000e0180000,0x00000000e1080000)
 ParOldGen       total 82944K, used 32035K [0x0000000080000000, 0x0000000085100000, 0x00000000d5580000)
  object space 82944K, 38% used [0x0000000080000000,0x0000000081f48f80,0x0000000085100000)
 Metaspace       used 56894K, capacity 59038K, committed 59160K, reserved 1099776K
  class space    used 7739K, capacity 8229K, committed 8232K, reserved 1048576K
}
Event: 52.873 GC heap before
{Heap before GC invocations=18 (full 3):
 PSYoungGen      total 141824K, used 2433K [0x00000000d5580000, 0x00000000e1080000, 0x0000000100000000)
  eden space 126464K, 0% used [0x00000000d5580000,0x00000000d5580000,0x00000000dd100000)
  from space 15360K, 15% used [0x00000000dd100000,0x00000000dd3606d0,0x00000000de000000)
  to   space 15360K, 0% used [0x00000000e0180000,0x00000000e0180000,0x00000000e1080000)
 ParOldGen       total 82944K, used 32035K [0x0000000080000000, 0x0000000085100000, 0x00000000d5580000)
  object space 82944K, 38% used [0x0000000080000000,0x0000000081f48f80,0x0000000085100000)
 Metaspace       used 56894K, capacity 59038K, committed 59160K, reserved 1099776K
  class space    used 7739K, capacity 8229K, committed 8232K, reserved 1048576K
Event: 54.016 GC heap after
Heap after GC invocations=18 (full 3):
 PSYoungGen      total 141824K, used 0K [0x00000000d5580000, 0x00000000e1080000, 0x0000000100000000)
  eden space 126464K, 0% used [0x00000000d5580000,0x00000000d5580000,0x00000000dd100000)
  from space 15360K, 0% used [0x00000000dd100000,0x00000000dd100000,0x00000000de000000)
  to   space 15360K, 0% used [0x00000000e0180000,0x00000000e0180000,0x00000000e1080000)
 ParOldGen       total 128512K, used 31969K [0x0000000080000000, 0x0000000087d80000, 0x00000000d5580000)
  object space 128512K, 24% used [0x0000000080000000,0x0000000081f38730,0x0000000087d80000)
 Metaspace       used 56872K, capacity 58966K, committed 59160K, reserved 1099776K
  class space    used 7732K, capacity 8217K, committed 8232K, reserved 1048576K
}
Event: 62.125 GC heap before
{Heap before GC invocations=19 (full 3):
 PSYoungGen      total 141824K, used 126464K [0x00000000d5580000, 0x00000000e1080000, 0x0000000100000000)
  eden space 126464K, 100% used [0x00000000d5580000,0x00000000dd100000,0x00000000dd100000)
  from space 15360K, 0% used [0x00000000dd100000,0x00000000dd100000,0x00000000de000000)
  to   space 15360K, 0% used [0x00000000e0180000,0x00000000e0180000,0x00000000e1080000)
 ParOldGen       total 128512K, used 31969K [0x0000000080000000, 0x0000000087d80000, 0x00000000d5580000)
  object space 128512K, 24% used [0x0000000080000000,0x0000000081f38730,0x0000000087d80000)
 Metaspace       used 64089K, capacity 66576K, committed 66840K, reserved 1105920K
  class space    used 8857K, capacity 9399K, committed 9512K, reserved 1048576K
Event: 62.155 GC heap after
Heap after GC invocations=19 (full 3):
 PSYoungGen      total 159232K, used 11679K [0x00000000d5580000, 0x00000000e0d00000, 0x0000000100000000)
  eden space 147456K, 0% used [0x00000000d5580000,0x00000000d5580000,0x00000000de580000)
  from space 11776K, 99% used [0x00000000e0180000,0x00000000e0ce7d68,0x00000000e0d00000)
  to   space 16384K, 0% used [0x00000000ded00000,0x00000000ded00000,0x00000000dfd00000)
 ParOldGen       total 128512K, used 31977K [0x0000000080000000, 0x0000000087d80000, 0x00000000d5580000)
  object space 128512K, 24% used [0x0000000080000000,0x0000000081f3a730,0x0000000087d80000)
 Metaspace       used 64089K, capacity 66576K, committed 66840K, reserved 1105920K
  class space    used 8857K, capacity 9399K, committed 9512K, reserved 1048576K
}
Event: 68.806 GC heap before
{Heap before GC invocations=20 (full 3):
 PSYoungGen      total 159232K, used 159135K [0x00000000d5580000, 0x00000000e0d00000, 0x0000000100000000)
  eden space 147456K, 100% used [0x00000000d5580000,0x00000000de580000,0x00000000de580000)
  from space 11776K, 99% used [0x00000000e0180000,0x00000000e0ce7d68,0x00000000e0d00000)
  to   space 16384K, 0% used [0x00000000ded00000,0x00000000ded00000,0x00000000dfd00000)
 ParOldGen       total 128512K, used 31977K [0x0000000080000000, 0x0000000087d80000, 0x00000000d5580000)
  object space 128512K, 24% used [0x0000000080000000,0x0000000081f3a730,0x0000000087d80000)
 Metaspace       used 69444K, capacity 72412K, committed 72600K, reserved 1112064K
  class space    used 9519K, capacity 10119K, committed 10152K, reserved 1048576K
Event: 68.878 GC heap after
Heap after GC invocations=20 (full 3):
 PSYoungGen      total 171520K, used 16360K [0x00000000d5580000, 0x00000000e1c00000, 0x0000000100000000)
  eden space 155136K, 0% used [0x00000000d5580000,0x00000000d5580000,0x00000000ded00000)
  from space 16384K, 99% used [0x00000000ded00000,0x00000000dfcfa108,0x00000000dfd00000)
  to   space 19968K, 0% used [0x00000000e0880000,0x00000000e0880000,0x00000000e1c00000)
 ParOldGen       total 128512K, used 34652K [0x0000000080000000, 0x0000000087d80000, 0x00000000d5580000)
  object space 128512K, 26% used [0x0000000080000000,0x00000000821d7070,0x0000000087d80000)
 Metaspace       used 69444K, capacity 72412K, committed 72600K, reserved 1112064K
  class space    used 9519K, capacity 10119K, committed 10152K, reserved 1048576K
}

