# JRE version: OpenJDK Runtime Environment (8.0_242-b01) (build 1.8.0_242-release-1644-b01)
# Java VM: OpenJDK 64-Bit Server VM (25.242-b01 mixed mode windows-amd64 compressed oops)
Heap:
 PSYoungGen      total 69632K, used 48038K [0x00000000d5580000, 0x00000000db900000, 0x0000000100000000)
  eden space 58368K, 82% used [0x00000000d5580000,0x00000000d84699d8,0x00000000d8e80000)
  from space 11264K, 0% used [0x00000000d8e80000,0x00000000d8e80000,0x00000000d9980000)
  to   space 11264K, 0% used [0x00000000dae00000,0x00000000dae00000,0x00000000db900000)
 ParOldGen       total 94208K, used 14461K [0x0000000080000000, 0x0000000085c00000, 0x00000000d5580000)
  object space 94208K, 15% used [0x0000000080000000,0x0000000080e1f588,0x0000000085c00000)
 Metaspace       used 36079K, capacity 37308K, committed 37544K, reserved 1081344K
  class space    used 4979K, capacity 5291K, committed 5296K, reserved 1048576K
GC Heap History (10 events):
Event: 13.225 GC heap before
{Heap before GC invocations=9 (full 1):
 PSYoungGen      total 43008K, used 34638K [0x00000000d5580000, 0x00000000d9800000, 0x0000000100000000)
  eden space 31744K, 100% used [0x00000000d5580000,0x00000000d7480000,0x00000000d7480000)
  from space 11264K, 25% used [0x00000000d7480000,0x00000000d77539c0,0x00000000d7f80000)
  to   space 11264K, 0% used [0x00000000d8d00000,0x00000000d8d00000,0x00000000d9800000)
 ParOldGen       total 65024K, used 9110K [0x0000000080000000, 0x0000000083f80000, 0x00000000d5580000)
  object space 65024K, 14% used [0x0000000080000000,0x00000000808e5960,0x0000000083f80000)
 Metaspace       used 28248K, capacity 28912K, committed 29232K, reserved 1075200K
  class space    used 3894K, capacity 4127K, committed 4144K, reserved 1048576K
Event: 13.235 GC heap after
Heap after GC invocations=9 (full 1):
 PSYoungGen      total 55808K, used 6214K [0x00000000d5580000, 0x00000000d9700000, 0x0000000100000000)
  eden space 45568K, 0% used [0x00000000d5580000,0x00000000d5580000,0x00000000d8200000)
  from space 10240K, 60% used [0x00000000d8d00000,0x00000000d9311a30,0x00000000d9700000)
  to   space 10752K, 0% used [0x00000000d8200000,0x00000000d8200000,0x00000000d8c80000)
 ParOldGen       total 65024K, used 9118K [0x0000000080000000, 0x0000000083f80000, 0x00000000d5580000)
  object space 65024K, 14% used [0x0000000080000000,0x00000000808e7960,0x0000000083f80000)
 Metaspace       used 28248K, capacity 28912K, committed 29232K, reserved 1075200K
  class space    used 3894K, capacity 4127K, committed 4144K, reserved 1048576K
}
Event: 14.549 GC heap before
{Heap before GC invocations=10 (full 1):
 PSYoungGen      total 55808K, used 51782K [0x00000000d5580000, 0x00000000d9700000, 0x0000000100000000)
  eden space 45568K, 100% used [0x00000000d5580000,0x00000000d8200000,0x00000000d8200000)
  from space 10240K, 60% used [0x00000000d8d00000,0x00000000d9311a30,0x00000000d9700000)
  to   space 10752K, 0% used [0x00000000d8200000,0x00000000d8200000,0x00000000d8c80000)
 ParOldGen       total 65024K, used 9118K [0x0000000080000000, 0x0000000083f80000, 0x00000000d5580000)
  object space 65024K, 14% used [0x0000000080000000,0x00000000808e7960,0x0000000083f80000)
 Metaspace       used 31744K, capacity 32456K, committed 32816K, reserved 1077248K
  class space    used 4308K, capacity 4542K, committed 4656K, reserved 1048576K
Event: 14.565 GC heap after
Heap after GC invocations=10 (full 1):
 PSYoungGen      total 56320K, used 7284K [0x00000000d5580000, 0x00000000da400000, 0x0000000100000000)
  eden space 45568K, 0% used [0x00000000d5580000,0x00000000d5580000,0x00000000d8200000)
  from space 10752K, 67% used [0x00000000d8200000,0x00000000d891d018,0x00000000d8c80000)
  to   space 10752K, 0% used [0x00000000d9980000,0x00000000d9980000,0x00000000da400000)
 ParOldGen       total 65024K, used 9126K [0x0000000080000000, 0x0000000083f80000, 0x00000000d5580000)
  object space 65024K, 14% used [0x0000000080000000,0x00000000808e9960,0x0000000083f80000)
 Metaspace       used 31744K, capacity 32456K, committed 32816K, reserved 1077248K
  class space    used 4308K, capacity 4542K, committed 4656K, reserved 1048576K
}
Event: 15.441 GC heap before
{Heap before GC invocations=11 (full 1):
 PSYoungGen      total 56320K, used 52852K [0x00000000d5580000, 0x00000000da400000, 0x0000000100000000)
  eden space 45568K, 100% used [0x00000000d5580000,0x00000000d8200000,0x00000000d8200000)
  from space 10752K, 67% used [0x00000000d8200000,0x00000000d891d018,0x00000000d8c80000)
  to   space 10752K, 0% used [0x00000000d9980000,0x00000000d9980000,0x00000000da400000)
 ParOldGen       total 65024K, used 9126K [0x0000000080000000, 0x0000000083f80000, 0x00000000d5580000)
  object space 65024K, 14% used [0x0000000080000000,0x00000000808e9960,0x0000000083f80000)
 Metaspace       used 33501K, capacity 34268K, committed 34608K, reserved 1079296K
  class space    used 4597K, capacity 4839K, committed 4912K, reserved 1048576K
Event: 15.451 GC heap after
Heap after GC invocations=11 (full 1):
 PSYoungGen      total 69120K, used 7965K [0x00000000d5580000, 0x00000000da580000, 0x0000000100000000)
  eden space 58368K, 0% used [0x00000000d5580000,0x00000000d5580000,0x00000000d8e80000)
  from space 10752K, 74% used [0x00000000d9980000,0x00000000da1476b0,0x00000000da400000)
  to   space 11264K, 0% used [0x00000000d8e80000,0x00000000d8e80000,0x00000000d9980000)
 ParOldGen       total 65024K, used 9134K [0x0000000080000000, 0x0000000083f80000, 0x00000000d5580000)
  object space 65024K, 14% used [0x0000000080000000,0x00000000808eb960,0x0000000083f80000)
 Metaspace       used 33501K, capacity 34268K, committed 34608K, reserved 1079296K
  class space    used 4597K, capacity 4839K, committed 4912K, reserved 1048576K
}
Event: 15.872 GC heap before
{Heap before GC invocations=12 (full 1):
 PSYoungGen      total 69120K, used 28145K [0x00000000d5580000, 0x00000000da580000, 0x0000000100000000)
  eden space 58368K, 34% used [0x00000000d5580000,0x00000000d6934de8,0x00000000d8e80000)
  from space 10752K, 74% used [0x00000000d9980000,0x00000000da1476b0,0x00000000da400000)
  to   space 11264K, 0% used [0x00000000d8e80000,0x00000000d8e80000,0x00000000d9980000)
 ParOldGen       total 65024K, used 9134K [0x0000000080000000, 0x0000000083f80000, 0x00000000d5580000)
  object space 65024K, 14% used [0x0000000080000000,0x00000000808eb960,0x0000000083f80000)
 Metaspace       used 34606K, capacity 35406K, committed 35496K, reserved 1079296K
  class space    used 4743K, capacity 4972K, committed 5040K, reserved 1048576K
Event: 15.883 GC heap after
Heap after GC invocations=12 (full 1):
 PSYoungGen      total 69632K, used 7764K [0x00000000d5580000, 0x00000000db900000, 0x0000000100000000)
  eden space 58368K, 0% used [0x00000000d5580000,0x00000000d5580000,0x00000000d8e80000)
  from space 11264K, 68% used [0x00000000d8e80000,0x00000000d96150a8,0x00000000d9980000)
  to   space 11264K, 0% used [0x00000000dae00000,0x00000000dae00000,0x00000000db900000)
 ParOldGen       total 65024K, used 9134K [0x0000000080000000, 0x0000000083f80000, 0x00000000d5580000)
  object space 65024K, 14% used [0x0000000080000000,0x00000000808eb960,0x0000000083f80000)
 Metaspace       used 34606K, capacity 35406K, committed 35496K, reserved 1079296K
  class space    used 4743K, capacity 4972K, committed 5040K, reserved 1048576K
}
Event: 15.883 GC heap before
{Heap before GC invocations=13 (full 2):
 PSYoungGen      total 69632K, used 7764K [0x00000000d5580000, 0x00000000db900000, 0x0000000100000000)
  eden space 58368K, 0% used [0x00000000d5580000,0x00000000d5580000,0x00000000d8e80000)
  from space 11264K, 68% used [0x00000000d8e80000,0x00000000d96150a8,0x00000000d9980000)
  to   space 11264K, 0% used [0x00000000dae00000,0x00000000dae00000,0x00000000db900000)
 ParOldGen       total 65024K, used 9134K [0x0000000080000000, 0x0000000083f80000, 0x00000000d5580000)
  object space 65024K, 14% used [0x0000000080000000,0x00000000808eb960,0x0000000083f80000)
 Metaspace       used 34606K, capacity 35406K, committed 35496K, reserved 1079296K
  class space    used 4743K, capacity 4972K, committed 5040K, reserved 1048576K
Event: 15.950 GC heap after
Heap after GC invocations=13 (full 2):
 PSYoungGen      total 69632K, used 0K [0x00000000d5580000, 0x00000000db900000, 0x0000000100000000)
  eden space 58368K, 0% used [0x00000000d5580000,0x00000000d5580000,0x00000000d8e80000)
  from space 11264K, 0% used [0x00000000d8e80000,0x00000000d8e80000,0x00000000d9980000)
  to   space 11264K, 0% used [0x00000000dae00000,0x00000000dae00000,0x00000000db900000)
 ParOldGen       total 94208K, used 14461K [0x0000000080000000, 0x0000000085c00000, 0x00000000d5580000)
  object space 94208K, 15% used [0x0000000080000000,0x0000000080e1f588,0x0000000085c00000)
 Metaspace       used 34606K, capacity 35406K, committed 35496K, reserved 1079296K
  class space    used 4743K, capacity 4972K, committed 5040K, reserved 1048576K
}

